node:internal/modules/cjs/loader:1031
  throw err;
  ^

Error: Cannot find module 'express'
Require stack:
- /home/mbhhbvzm/kbinterio.com/backend/server.js
- /usr/local/lsws/fcgi-bin/lsnode.js
    at Function.Module._resolveFilename (node:internal/modules/cjs/loader:1028:15)
    at Function.Module._load (node:internal/modules/cjs/loader:873:27)
    at Module.require (node:internal/modules/cjs/loader:1100:19)
    at require (node:internal/modules/cjs/helpers:119:18)
    at Object.<anonymous> (/home/mbhhbvzm/kbinterio.com/backend/server.js:1:17)
    at Module._compile (node:internal/modules/cjs/loader:1198:14)
    at Object.Module._extensions..js (node:internal/modules/cjs/loader:1252:10)
    at Module.load (node:internal/modules/cjs/loader:1076:32)
    at Function.Module._load (node:internal/modules/cjs/loader:911:12)
    at Module.require (node:internal/modules/cjs/loader:1100:19) {
  code: 'MODULE_NOT_FOUND',
  requireStack: [
    '/home/mbhhbvzm/kbinterio.com/backend/server.js',
    '/usr/local/lsws/fcgi-bin/lsnode.js'
  ]
}
node:internal/modules/cjs/loader:1031
  throw err;
  ^

Error: Cannot find module 'bcrypt'
Require stack:
- /home/mbhhbvzm/kbinterio.com/backend/server.js
- /usr/local/lsws/fcgi-bin/lsnode.js
    at Function.Module._resolveFilename (node:internal/modules/cjs/loader:1028:15)
    at Function.Module._load (node:internal/modules/cjs/loader:873:27)
    at Module.require (node:internal/modules/cjs/loader:1100:19)
    at require (node:internal/modules/cjs/helpers:119:18)
    at Object.<anonymous> (/home/mbhhbvzm/kbinterio.com/backend/server.js:8:16)
    at Module._compile (node:internal/modules/cjs/loader:1198:14)
    at Object.Module._extensions..js (node:internal/modules/cjs/loader:1252:10)
    at Module.load (node:internal/modules/cjs/loader:1076:32)
    at Function.Module._load (node:internal/modules/cjs/loader:911:12)
    at Module.require (node:internal/modules/cjs/loader:1100:19) {
  code: 'MODULE_NOT_FOUND',
  requireStack: [
    '/home/mbhhbvzm/kbinterio.com/backend/server.js',
    '/usr/local/lsws/fcgi-bin/lsnode.js'
  ]
}
node:internal/modules/cjs/loader:1031
  throw err;
  ^
node:internal/modules/cjs/loader:1215
  throw err;
  ^

Error: Cannot find module 'pdfkit'
Require stack:
- /home/mbhhbvzm/kbinterio.com/backend/server.js
- /usr/local/lsws/fcgi-bin/lsnode.js
    at Module._resolveFilename (node:internal/modules/cjs/loader:1212:15)
    at Module._load (node:internal/modules/cjs/loader:1043:27)
    at Module.require (node:internal/modules/cjs/loader:1298:19)
    at require (node:internal/modules/helpers:182:18)
    at Object.<anonymous> (/home/mbhhbvzm/kbinterio.com/backend/server.js:11:21)
    at Module._compile (node:internal/modules/cjs/loader:1529:14)
    at Module._extensions..js (node:internal/modules/cjs/loader:1613:10)
    at Module.load (node:internal/modules/cjs/loader:1275:32)
    at Module._load (node:internal/modules/cjs/loader:1096:12)
    at Module.require (node:internal/modules/cjs/loader:1298:19) {
  code: 'MODULE_NOT_FOUND',
  requireStack: [
    '/home/mbhhbvzm/kbinterio.com/backend/server.js',
    '/usr/local/lsws/fcgi-bin/lsnode.js'
  ]
}

Node.js v20.19.3
node:internal/modules/cjs/loader:1215
  throw err;
  ^

Error: Cannot find module 'pdfkit'
Require stack:
- /home/mbhhbvzm/kbinterio.com/backend/server.js
- /usr/local/lsws/fcgi-bin/lsnode.js
    at Module._resolveFilename (node:internal/modules/cjs/loader:1212:15)
    at Module._load (node:internal/modules/cjs/loader:1043:27)
    at Module.require (node:internal/modules/cjs/loader:1298:19)
    at require (node:internal/modules/helpers:182:18)
    at Object.<anonymous> (/home/mbhhbvzm/kbinterio.com/backend/server.js:11:21)
    at Module._compile (node:internal/modules/cjs/loader:1529:14)
    at Module._extensions..js (node:internal/modules/cjs/loader:1613:10)
    at Module.load (node:internal/modules/cjs/loader:1275:32)
    at Module._load (node:internal/modules/cjs/loader:1096:12)
    at Module.require (node:internal/modules/cjs/loader:1298:19) {
  code: 'MODULE_NOT_FOUND',
  requireStack: [
    '/home/mbhhbvzm/kbinterio.com/backend/server.js',
    '/usr/local/lsws/fcgi-bin/lsnode.js'
  ]
}

Node.js v20.19.3
node:internal/modules/cjs/loader:1215
  throw err;
  ^

Error: Cannot find module 'pdfkit'
Require stack:
- /home/mbhhbvzm/kbinterio.com/backend/server.js
- /usr/local/lsws/fcgi-bin/lsnode.js
    at Module._resolveFilename (node:internal/modules/cjs/loader:1212:15)
    at Module._load (node:internal/modules/cjs/loader:1043:27)
    at Module.require (node:internal/modules/cjs/loader:1298:19)
    at require (node:internal/modules/helpers:182:18)
    at Object.<anonymous> (/home/mbhhbvzm/kbinterio.com/backend/server.js:11:21)
    at Module._compile (node:internal/modules/cjs/loader:1529:14)
    at Module._extensions..js (node:internal/modules/cjs/loader:1613:10)
    at Module.load (node:internal/modules/cjs/loader:1275:32)
    at Module._load (node:internal/modules/cjs/loader:1096:12)
    at Module.require (node:internal/modules/cjs/loader:1298:19) {
  code: 'MODULE_NOT_FOUND',
  requireStack: [
    '/home/mbhhbvzm/kbinterio.com/backend/server.js',
    '/usr/local/lsws/fcgi-bin/lsnode.js'
  ]
}

Node.js v20.19.3
node:internal/modules/cjs/loader:1215
  throw err;
  ^

Error: Cannot find module 'pdfkit'
Require stack:
- /home/mbhhbvzm/kbinterio.com/backend/server.js
- /usr/local/lsws/fcgi-bin/lsnode.js
    at Module._resolveFilename (node:internal/modules/cjs/loader:1212:15)
    at Module._load (node:internal/modules/cjs/loader:1043:27)
    at Module.require (node:internal/modules/cjs/loader:1298:19)
    at require (node:internal/modules/helpers:182:18)
    at Object.<anonymous> (/home/mbhhbvzm/kbinterio.com/backend/server.js:11:21)
    at Module._compile (node:internal/modules/cjs/loader:1529:14)
    at Module._extensions..js (node:internal/modules/cjs/loader:1613:10)
    at Module.load (node:internal/modules/cjs/loader:1275:32)
    at Module._load (node:internal/modules/cjs/loader:1096:12)
    at Module.require (node:internal/modules/cjs/loader:1298:19) {
  code: 'MODULE_NOT_FOUND',
  requireStack: [
    '/home/mbhhbvzm/kbinterio.com/backend/server.js',
    '/usr/local/lsws/fcgi-bin/lsnode.js'
  ]
}

Node.js v20.19.3
node:internal/modules/cjs/loader:1215
  throw err;
  ^

Error: Cannot find module 'pdfkit'
Require stack:
- /home/mbhhbvzm/kbinterio.com/backend/server.js
- /usr/local/lsws/fcgi-bin/lsnode.js
    at Module._resolveFilename (node:internal/modules/cjs/loader:1212:15)
    at Module._load (node:internal/modules/cjs/loader:1043:27)
    at Module.require (node:internal/modules/cjs/loader:1298:19)
    at require (node:internal/modules/helpers:182:18)
    at Object.<anonymous> (/home/mbhhbvzm/kbinterio.com/backend/server.js:11:21)
    at Module._compile (node:internal/modules/cjs/loader:1529:14)
    at Module._extensions..js (node:internal/modules/cjs/loader:1613:10)
    at Module.load (node:internal/modules/cjs/loader:1275:32)
    at Module._load (node:internal/modules/cjs/loader:1096:12)
    at Module.require (node:internal/modules/cjs/loader:1298:19) {
  code: 'MODULE_NOT_FOUND',
  requireStack: [
    '/home/mbhhbvzm/kbinterio.com/backend/server.js',
    '/usr/local/lsws/fcgi-bin/lsnode.js'
  ]
}

Node.js v20.19.3
node:internal/modules/cjs/loader:1215
  throw err;
  ^

Error: Cannot find module 'pdfkit'
Require stack:
- /home/mbhhbvzm/kbinterio.com/backend/server.js
- /usr/local/lsws/fcgi-bin/lsnode.js
    at Module._resolveFilename (node:internal/modules/cjs/loader:1212:15)
    at Module._load (node:internal/modules/cjs/loader:1043:27)
    at Module.require (node:internal/modules/cjs/loader:1298:19)
    at require (node:internal/modules/helpers:182:18)
    at Object.<anonymous> (/home/mbhhbvzm/kbinterio.com/backend/server.js:11:21)
    at Module._compile (node:internal/modules/cjs/loader:1529:14)
    at Module._extensions..js (node:internal/modules/cjs/loader:1613:10)
    at Module.load (node:internal/modules/cjs/loader:1275:32)
    at Module._load (node:internal/modules/cjs/loader:1096:12)
    at Module.require (node:internal/modules/cjs/loader:1298:19) {
  code: 'MODULE_NOT_FOUND',
  requireStack: [
    '/home/mbhhbvzm/kbinterio.com/backend/server.js',
    '/usr/local/lsws/fcgi-bin/lsnode.js'
  ]
}

Node.js v20.19.3
node:internal/modules/cjs/loader:1215
  throw err;
  ^

Error: Cannot find module 'pdfkit'
Require stack:
- /home/mbhhbvzm/kbinterio.com/backend/server.js
- /usr/local/lsws/fcgi-bin/lsnode.js
    at Module._resolveFilename (node:internal/modules/cjs/loader:1212:15)
    at Module._load (node:internal/modules/cjs/loader:1043:27)
    at Module.require (node:internal/modules/cjs/loader:1298:19)
    at require (node:internal/modules/helpers:182:18)
    at Object.<anonymous> (/home/mbhhbvzm/kbinterio.com/backend/server.js:11:21)
    at Module._compile (node:internal/modules/cjs/loader:1529:14)
    at Module._extensions..js (node:internal/modules/cjs/loader:1613:10)
    at Module.load (node:internal/modules/cjs/loader:1275:32)
    at Module._load (node:internal/modules/cjs/loader:1096:12)
    at Module.require (node:internal/modules/cjs/loader:1298:19) {
  code: 'MODULE_NOT_FOUND',
  requireStack: [
    '/home/mbhhbvzm/kbinterio.com/backend/server.js',
    '/usr/local/lsws/fcgi-bin/lsnode.js'
  ]
}

Node.js v20.19.3
node:internal/modules/cjs/loader:1215
  throw err;
  ^

Error: Cannot find module 'pdfkit'
Require stack:
- /home/mbhhbvzm/kbinterio.com/backend/server.js
- /usr/local/lsws/fcgi-bin/lsnode.js
    at Module._resolveFilename (node:internal/modules/cjs/loader:1212:15)
    at Module._load (node:internal/modules/cjs/loader:1043:27)
    at Module.require (node:internal/modules/cjs/loader:1298:19)
    at require (node:internal/modules/helpers:182:18)
    at Object.<anonymous> (/home/mbhhbvzm/kbinterio.com/backend/server.js:11:21)
    at Module._compile (node:internal/modules/cjs/loader:1529:14)
    at Module._extensions..js (node:internal/modules/cjs/loader:1613:10)
    at Module.load (node:internal/modules/cjs/loader:1275:32)
    at Module._load (node:internal/modules/cjs/loader:1096:12)
    at Module.require (node:internal/modules/cjs/loader:1298:19) {
  code: 'MODULE_NOT_FOUND',
  requireStack: [
    '/home/mbhhbvzm/kbinterio.com/backend/server.js',
    '/usr/local/lsws/fcgi-bin/lsnode.js'
  ]
}

Node.js v20.19.3
❌ Email Error: Error: Invalid login: 535 Incorrect authentication data
    at SMTPConnection._formatError (/home/mbhhbvzm/nodevenv/kbinterio.com/backend/20/lib/node_modules/nodemailer/lib/smtp-connection/index.js:809:19)
    at SMTPConnection._actionAUTHComplete (/home/mbhhbvzm/nodevenv/kbinterio.com/backend/20/lib/node_modules/nodemailer/lib/smtp-connection/index.js:1588:34)
    at SMTPConnection.<anonymous> (/home/mbhhbvzm/nodevenv/kbinterio.com/backend/20/lib/node_modules/nodemailer/lib/smtp-connection/index.js:556:26)
    at SMTPConnection._processResponse (/home/mbhhbvzm/nodevenv/kbinterio.com/backend/20/lib/node_modules/nodemailer/lib/smtp-connection/index.js:993:20)
    at SMTPConnection._onData (/home/mbhhbvzm/nodevenv/kbinterio.com/backend/20/lib/node_modules/nodemailer/lib/smtp-connection/index.js:774:14)
    at SMTPConnection._onSocketData (/home/mbhhbvzm/nodevenv/kbinterio.com/backend/20/lib/node_modules/nodemailer/lib/smtp-connection/index.js:195:44)
    at TLSSocket.emit (node:events:524:28)
    at addChunk (node:internal/streams/readable:561:12)
    at readableAddChunkPushByteMode (node:internal/streams/readable:512:3)
    at Readable.push (node:internal/streams/readable:392:5) {
  code: 'EAUTH',
  response: '535 Incorrect authentication data',
  responseCode: 535,
  command: 'AUTH PLAIN'
}
node:internal/modules/cjs/loader:1215
  throw err;
  ^

Error: Cannot find module 'express'
Require stack:
- /home/mbhhbvzm/kbinterio.com/backend/server.js
- /usr/local/lsws/fcgi-bin/lsnode.js
    at Module._resolveFilename (node:internal/modules/cjs/loader:1212:15)
    at Module._load (node:internal/modules/cjs/loader:1043:27)
    at Module.require (node:internal/modules/cjs/loader:1298:19)
    at require (node:internal/modules/helpers:182:18)
    at Object.<anonymous> (/home/mbhhbvzm/kbinterio.com/backend/server.js:1:17)
    at Module._compile (node:internal/modules/cjs/loader:1529:14)
    at Module._extensions..js (node:internal/modules/cjs/loader:1613:10)
    at Module.load (node:internal/modules/cjs/loader:1275:32)
    at Module._load (node:internal/modules/cjs/loader:1096:12)
    at Module.require (node:internal/modules/cjs/loader:1298:19) {
  code: 'MODULE_NOT_FOUND',
  requireStack: [
    '/home/mbhhbvzm/kbinterio.com/backend/server.js',
    '/usr/local/lsws/fcgi-bin/lsnode.js'
  ]
}

Node.js v20.19.4
node:internal/modules/cjs/loader:1215
  throw err;
  ^

Error: Cannot find module 'express'
Require stack:
- /home/mbhhbvzm/kbinterio.com/backend/server.js
- /usr/local/lsws/fcgi-bin/lsnode.js
    at Module._resolveFilename (node:internal/modules/cjs/loader:1212:15)
    at Module._load (node:internal/modules/cjs/loader:1043:27)
    at Module.require (node:internal/modules/cjs/loader:1298:19)
    at require (node:internal/modules/helpers:182:18)
    at Object.<anonymous> (/home/mbhhbvzm/kbinterio.com/backend/server.js:1:17)
    at Module._compile (node:internal/modules/cjs/loader:1529:14)
    at Module._extensions..js (node:internal/modules/cjs/loader:1613:10)
    at Module.load (node:internal/modules/cjs/loader:1275:32)
    at Module._load (node:internal/modules/cjs/loader:1096:12)
    at Module.require (node:internal/modules/cjs/loader:1298:19) {
  code: 'MODULE_NOT_FOUND',
  requireStack: [
    '/home/mbhhbvzm/kbinterio.com/backend/server.js',
    '/usr/local/lsws/fcgi-bin/lsnode.js'
  ]
}

Node.js v20.19.4
node:internal/modules/cjs/loader:1215
  throw err;
  ^

Error: Cannot find module 'express'
Require stack:
- /home/mbhhbvzm/kbinterio.com/backend/server.js
- /usr/local/lsws/fcgi-bin/lsnode.js
    at Module._resolveFilename (node:internal/modules/cjs/loader:1212:15)
    at Module._load (node:internal/modules/cjs/loader:1043:27)
    at Module.require (node:internal/modules/cjs/loader:1298:19)
    at require (node:internal/modules/helpers:182:18)
    at Object.<anonymous> (/home/mbhhbvzm/kbinterio.com/backend/server.js:1:17)
    at Module._compile (node:internal/modules/cjs/loader:1529:14)
    at Module._extensions..js (node:internal/modules/cjs/loader:1613:10)
    at Module.load (node:internal/modules/cjs/loader:1275:32)
    at Module._load (node:internal/modules/cjs/loader:1096:12)
    at Module.require (node:internal/modules/cjs/loader:1298:19) {
  code: 'MODULE_NOT_FOUND',
  requireStack: [
    '/home/mbhhbvzm/kbinterio.com/backend/server.js',
    '/usr/local/lsws/fcgi-bin/lsnode.js'
  ]
}

Node.js v20.19.4
node:internal/modules/cjs/loader:1215
  throw err;
  ^

Error: Cannot find module 'express'
Require stack:
- /home/mbhhbvzm/kbinterio.com/backend/server.js
- /usr/local/lsws/fcgi-bin/lsnode.js
    at Module._resolveFilename (node:internal/modules/cjs/loader:1212:15)
    at Module._load (node:internal/modules/cjs/loader:1043:27)
    at Module.require (node:internal/modules/cjs/loader:1298:19)
    at require (node:internal/modules/helpers:182:18)
    at Object.<anonymous> (/home/mbhhbvzm/kbinterio.com/backend/server.js:1:17)
    at Module._compile (node:internal/modules/cjs/loader:1529:14)
    at Module._extensions..js (node:internal/modules/cjs/loader:1613:10)
    at Module.load (node:internal/modules/cjs/loader:1275:32)
    at Module._load (node:internal/modules/cjs/loader:1096:12)
    at Module.require (node:internal/modules/cjs/loader:1298:19) {
  code: 'MODULE_NOT_FOUND',
  requireStack: [
    '/home/mbhhbvzm/kbinterio.com/backend/server.js',
    '/usr/local/lsws/fcgi-bin/lsnode.js'
  ]
}

Node.js v20.19.4
node:internal/modules/cjs/loader:1215
  throw err;
  ^

Error: Cannot find module 'express'
Require stack:
- /home/mbhhbvzm/kbinterio.com/backend/server.js
- /usr/local/lsws/fcgi-bin/lsnode.js
    at Module._resolveFilename (node:internal/modules/cjs/loader:1212:15)
    at Module._load (node:internal/modules/cjs/loader:1043:27)
    at Module.require (node:internal/modules/cjs/loader:1298:19)
    at require (node:internal/modules/helpers:182:18)
    at Object.<anonymous> (/home/mbhhbvzm/kbinterio.com/backend/server.js:1:17)
    at Module._compile (node:internal/modules/cjs/loader:1529:14)
    at Module._extensions..js (node:internal/modules/cjs/loader:1613:10)
    at Module.load (node:internal/modules/cjs/loader:1275:32)
    at Module._load (node:internal/modules/cjs/loader:1096:12)
    at Module.require (node:internal/modules/cjs/loader:1298:19) {
  code: 'MODULE_NOT_FOUND',
  requireStack: [
    '/home/mbhhbvzm/kbinterio.com/backend/server.js',
    '/usr/local/lsws/fcgi-bin/lsnode.js'
  ]
}

Node.js v20.19.4
❌ Email Error: Error: Invalid login: 535 Incorrect authentication data
    at SMTPConnection._formatError (/home/mbhhbvzm/nodevenv/kbinterio.com/backend/20/lib/node_modules/nodemailer/lib/smtp-connection/index.js:809:19)
    at SMTPConnection._actionAUTHComplete (/home/mbhhbvzm/nodevenv/kbinterio.com/backend/20/lib/node_modules/nodemailer/lib/smtp-connection/index.js:1588:34)
    at SMTPConnection.<anonymous> (/home/mbhhbvzm/nodevenv/kbinterio.com/backend/20/lib/node_modules/nodemailer/lib/smtp-connection/index.js:556:26)
    at SMTPConnection._processResponse (/home/mbhhbvzm/nodevenv/kbinterio.com/backend/20/lib/node_modules/nodemailer/lib/smtp-connection/index.js:993:20)
    at SMTPConnection._onData (/home/mbhhbvzm/nodevenv/kbinterio.com/backend/20/lib/node_modules/nodemailer/lib/smtp-connection/index.js:774:14)
    at SMTPConnection._onSocketData (/home/mbhhbvzm/nodevenv/kbinterio.com/backend/20/lib/node_modules/nodemailer/lib/smtp-connection/index.js:195:44)
    at TLSSocket.emit (node:events:524:28)
    at addChunk (node:internal/streams/readable:561:12)
    at readableAddChunkPushByteMode (node:internal/streams/readable:512:3)
    at Readable.push (node:internal/streams/readable:392:5) {
  code: 'EAUTH',
  response: '535 Incorrect authentication data',
  responseCode: 535,
  command: 'AUTH PLAIN'
}
❌ Email Error: Error: Invalid login: 535 Incorrect authentication data
    at SMTPConnection._formatError (/home/mbhhbvzm/nodevenv/kbinterio.com/backend/20/lib/node_modules/nodemailer/lib/smtp-connection/index.js:809:19)
    at SMTPConnection._actionAUTHComplete (/home/mbhhbvzm/nodevenv/kbinterio.com/backend/20/lib/node_modules/nodemailer/lib/smtp-connection/index.js:1588:34)
    at SMTPConnection.<anonymous> (/home/mbhhbvzm/nodevenv/kbinterio.com/backend/20/lib/node_modules/nodemailer/lib/smtp-connection/index.js:556:26)
    at SMTPConnection._processResponse (/home/mbhhbvzm/nodevenv/kbinterio.com/backend/20/lib/node_modules/nodemailer/lib/smtp-connection/index.js:993:20)
    at SMTPConnection._onData (/home/mbhhbvzm/nodevenv/kbinterio.com/backend/20/lib/node_modules/nodemailer/lib/smtp-connection/index.js:774:14)
    at SMTPConnection._onSocketData (/home/mbhhbvzm/nodevenv/kbinterio.com/backend/20/lib/node_modules/nodemailer/lib/smtp-connection/index.js:195:44)
    at TLSSocket.emit (node:events:524:28)
    at addChunk (node:internal/streams/readable:561:12)
    at readableAddChunkPushByteMode (node:internal/streams/readable:512:3)
    at Readable.push (node:internal/streams/readable:392:5) {
  code: 'EAUTH',
  response: '535 Incorrect authentication data',
  responseCode: 535,
  command: 'AUTH PLAIN'
}
❌ Email Error: Error: Invalid login: 535 Incorrect authentication data
    at SMTPConnection._formatError (/home/mbhhbvzm/nodevenv/kbinterio.com/backend/20/lib/node_modules/nodemailer/lib/smtp-connection/index.js:809:19)
    at SMTPConnection._actionAUTHComplete (/home/mbhhbvzm/nodevenv/kbinterio.com/backend/20/lib/node_modules/nodemailer/lib/smtp-connection/index.js:1588:34)
    at SMTPConnection.<anonymous> (/home/mbhhbvzm/nodevenv/kbinterio.com/backend/20/lib/node_modules/nodemailer/lib/smtp-connection/index.js:556:26)
    at SMTPConnection._processResponse (/home/mbhhbvzm/nodevenv/kbinterio.com/backend/20/lib/node_modules/nodemailer/lib/smtp-connection/index.js:993:20)
    at SMTPConnection._onData (/home/mbhhbvzm/nodevenv/kbinterio.com/backend/20/lib/node_modules/nodemailer/lib/smtp-connection/index.js:774:14)
    at SMTPConnection._onSocketData (/home/mbhhbvzm/nodevenv/kbinterio.com/backend/20/lib/node_modules/nodemailer/lib/smtp-connection/index.js:195:44)
    at TLSSocket.emit (node:events:524:28)
    at addChunk (node:internal/streams/readable:561:12)
    at readableAddChunkPushByteMode (node:internal/streams/readable:512:3)
    at Readable.push (node:internal/streams/readable:392:5) {
  code: 'EAUTH',
  response: '535 Incorrect authentication data',
  responseCode: 535,
  command: 'AUTH PLAIN'
}
❌ Email Error: Error: Invalid login: 535 Incorrect authentication data
    at SMTPConnection._formatError (/home/mbhhbvzm/nodevenv/kbinterio.com/backend/20/lib/node_modules/nodemailer/lib/smtp-connection/index.js:809:19)
    at SMTPConnection._actionAUTHComplete (/home/mbhhbvzm/nodevenv/kbinterio.com/backend/20/lib/node_modules/nodemailer/lib/smtp-connection/index.js:1588:34)
    at SMTPConnection.<anonymous> (/home/mbhhbvzm/nodevenv/kbinterio.com/backend/20/lib/node_modules/nodemailer/lib/smtp-connection/index.js:556:26)
    at SMTPConnection._processResponse (/home/mbhhbvzm/nodevenv/kbinterio.com/backend/20/lib/node_modules/nodemailer/lib/smtp-connection/index.js:993:20)
    at SMTPConnection._onData (/home/mbhhbvzm/nodevenv/kbinterio.com/backend/20/lib/node_modules/nodemailer/lib/smtp-connection/index.js:774:14)
    at SMTPConnection._onSocketData (/home/mbhhbvzm/nodevenv/kbinterio.com/backend/20/lib/node_modules/nodemailer/lib/smtp-connection/index.js:195:44)
    at TLSSocket.emit (node:events:524:28)
    at addChunk (node:internal/streams/readable:561:12)
    at readableAddChunkPushByteMode (node:internal/streams/readable:512:3)
    at Readable.push (node:internal/streams/readable:392:5) {
  code: 'EAUTH',
  response: '535 Incorrect authentication data',
  responseCode: 535,
  command: 'AUTH PLAIN'
}
